[debug] [2019-12-31T02:47:13.590Z] ----------------------------------------------------------------------
[debug] [2019-12-31T02:47:13.596Z] Command:       /usr/local/bin/node /usr/local/bin/firebase deploy --debug --only functions:helloWorld
[debug] [2019-12-31T02:47:13.598Z] CLI Version:   7.11.0
[debug] [2019-12-31T02:47:13.599Z] Platform:      linux
[debug] [2019-12-31T02:47:13.599Z] Node Version:  v10.18.0
[debug] [2019-12-31T02:47:13.601Z] Time:          Tue Dec 31 2019 02:47:13 GMT+0000 (Coordinated Universal Time)
[debug] [2019-12-31T02:47:13.602Z] ----------------------------------------------------------------------
[debug] [2019-12-31T02:47:13.603Z] 
[debug] [2019-12-31T02:47:13.623Z] > command requires scopes: ["email","openid","https://www.googleapis.com/auth/cloudplatformprojects.readonly","https://www.googleapis.com/auth/firebase","https://www.googleapis.com/auth/cloud-platform"]
[debug] [2019-12-31T02:47:13.624Z] > attempting to authenticate via app default credentials
[debug] [2019-12-31T02:47:13.657Z] ! auto-auth error: Could not load the default credentials. Browse to https://developers.google.com/accounts/docs/application-default-credentials for more information.
[debug] [2019-12-31T02:47:13.658Z] > no credentials could be found or automatically retrieved
[error] 
[error] Error: Command requires authentication, please run firebase login
[debug] [2019-12-31T02:48:32.937Z] ----------------------------------------------------------------------
[debug] [2019-12-31T02:48:32.949Z] Command:       /usr/local/bin/node /usr/local/bin/firebase deploy --debug --only functions:helloWorld
[debug] [2019-12-31T02:48:32.950Z] CLI Version:   7.11.0
[debug] [2019-12-31T02:48:32.951Z] Platform:      linux
[debug] [2019-12-31T02:48:32.952Z] Node Version:  v10.18.0
[debug] [2019-12-31T02:48:32.953Z] Time:          Tue Dec 31 2019 02:48:32 GMT+0000 (Coordinated Universal Time)
[debug] [2019-12-31T02:48:32.954Z] ----------------------------------------------------------------------
[debug] [2019-12-31T02:48:32.955Z] 
[debug] [2019-12-31T02:48:32.977Z] > command requires scopes: ["email","openid","https://www.googleapis.com/auth/cloudplatformprojects.readonly","https://www.googleapis.com/auth/firebase","https://www.googleapis.com/auth/cloud-platform"]
[debug] [2019-12-31T02:48:32.978Z] > attempting to authenticate via app default credentials
[debug] [2019-12-31T02:48:33.241Z] ya29.c.KmW3B5LYZe4Q0TBemej52GSe1_8My1K_ox8W-Fl9XEG8fLQkQnM9e2WXVB2xu10CbYGNBCOJjrwpW8FM4xY0qhVGTUXcrfTuDvoZFjqoKPPMxC4TIJ0cnmdg-JEEOW4hWM3cb-RuFQ
[debug] [2019-12-31T02:48:33.243Z] > retrieved access token via default credentials
[debug] [2019-12-31T02:48:33.244Z] [iam] checking project minutebox-labs for permissions ["cloudfunctions.functions.create","cloudfunctions.functions.delete","cloudfunctions.functions.get","cloudfunctions.functions.list","cloudfunctions.functions.update","cloudfunctions.operations.get","firebase.projects.get"]
[debug] [2019-12-31T02:48:33.246Z] >>> HTTP REQUEST POST https://cloudresourcemanager.googleapis.com/v1/projects/minutebox-labs:testIamPermissions  

[debug] [2019-12-31T02:48:34.613Z] <<< HTTP RESPONSE 200
[info] 
[info] === Deploying to 'minutebox-labs'...
[info] 
[info] i  deploying functions
[debug] [2019-12-31T02:48:37.293Z] > [functions] package.json contents: {
  "name": "functions",
  "description": "Cloud Functions for Firebase",
  "scripts": {
    "serve": "firebase serve --only functions",
    "shell": "firebase functions:shell",
    "start": "npm run shell",
    "deploy": "firebase deploy --only functions",
    "logs": "firebase functions:log"
  },
  "engines": {
    "node": "8"
  },
  "dependencies": {
    "firebase-admin": "^8.0.0",
    "firebase-functions": "^3.0.0"
  },
  "devDependencies": {
    "firebase-functions-test": "^0.1.6"
  },
  "private": true
}
[info] i  functions: ensuring necessary APIs are enabled...
[debug] [2019-12-31T02:48:37.299Z] >>> HTTP REQUEST GET https://serviceusage.googleapis.com/v1/projects/minutebox-labs/services/cloudfunctions.googleapis.com  
 
[debug] [2019-12-31T02:48:37.300Z] >>> HTTP REQUEST GET https://serviceusage.googleapis.com/v1/projects/minutebox-labs/services/runtimeconfig.googleapis.com  
 
[debug] [2019-12-31T02:48:37.721Z] <<< HTTP RESPONSE 200
[debug] [2019-12-31T02:48:37.747Z] <<< HTTP RESPONSE 200
[info] ✔  functions: all necessary APIs are enabled
[debug] [2019-12-31T02:48:37.751Z] >>> HTTP REQUEST GET https://firebase.googleapis.com/v1beta1/projects/minutebox-labs/adminSdkConfig  
 
[debug] [2019-12-31T02:48:38.005Z] <<< HTTP RESPONSE 200
[info] i  functions: preparing functions directory for uploading...
[debug] [2019-12-31T02:48:38.022Z] >>> HTTP REQUEST GET https://runtimeconfig.googleapis.com/v1beta1/projects/minutebox-labs/configs  
 
[debug] [2019-12-31T02:48:38.520Z] <<< HTTP RESPONSE 200
[info] i  functions: packaged functions (27.64 KB) for uploading
[debug] [2019-12-31T02:48:38.944Z] >>> HTTP REQUEST POST https://cloudfunctions.googleapis.com/v1/projects/minutebox-labs/locations/us-central1/functions:generateUploadUrl  
 
[debug] [2019-12-31T02:48:39.957Z] <<< HTTP RESPONSE 200
[debug] [2019-12-31T02:48:39.968Z] >>> HTTP REQUEST PUT https://storage.googleapis.com/gcf-upload-us-central1-64847ca2-a7c7-4570-ad38-0aadcd91ea32/851a2b9a-e3ae-4f68-8315-f73dc1362d14.zip?GoogleAccessId=service-743065682389@gcf-admin-robot.iam.gserviceaccount.com&Expires=1577762319&Signature=VMEnlygl0ahoQ722o8Q6oCNTNH4loEEcDtCXuAA6vpAEyiafx7TtwV0w74nIdiX1HzBhzYqlIvrC9Kr2WkH5XaBM05tYSIXLotcCLw5gT3UAOXKcUDoZs8pz5y6WR4p3T61GqGbRMQguWswyPYfetddM34W1qTTva%2BosYOM2zDJwcZZwBHtLgiXDmGhIXCK0%2BDSIidhSeWoHtFFrwwUd8cCl%2FskfC5dgM5YAkFjyR%2BEVwifWIl3zn55RIkoLYPHdUmgPZt7t%2F1TdnSLTTsOmFDDQpaxP9gz%2Bjx7taGq1NPIfk%2F36wLylR6u5m0UX%2B5HnITMyOJ6HRbcicu2XC9KgmA%3D%3D  
 <request body omitted>
[debug] [2019-12-31T02:48:40.350Z] <<< HTTP RESPONSE 200
[info] ✔  functions: functions folder uploaded successfully
[debug] [2019-12-31T02:48:40.361Z] >>> HTTP REQUEST GET https://cloudfunctions.googleapis.com/v1/projects/minutebox-labs/locations/-/functions  
 
[debug] [2019-12-31T02:48:40.813Z] <<< HTTP RESPONSE 200
[debug] [2019-12-31T02:48:40.819Z] > [functions] filtering triggers to: [
  "projects/minutebox-labs/locations/us-central1/functions/helloWorld"
]
[info] i  functions: current functions in project: addAccountToUserByEmail(us-central1), auditModel(us-central1), cron-backup(us-central1), cron-kpi(us-central1), endpoints-proxyToHelpScout(us-central1), getOrCreateUserByEmail(us-central1), getOrMakeBookPDF(us-central1), inviteByEmail(us-central1), inviteValidation(us-central1), labs-addAccountToUserByEmail(us-central1), labs-authenticatorChallenge(us-central1), labs-authenticatorVerification(us-central1), labs-backup(us-central1), labs-convertFastco(us-central1), labs-env(us-central1), labs-errorTest(us-central1), labs-getOrCreateUserByEmail(us-central1), labs-inviteByEmail(us-central1), labs-inviteValidation(us-central1), labs-kpi(us-central1), labs-multiFactorAuthenticate(us-central1), labs-nuansSearch(us-central1), labs-otpDisable(us-central1), labs-otpGenerateSecret(us-central1), labs-otpVerifyToken(us-central1), labs-ping(us-central1), labs-proxyToHelpScoutJwsGenerator(us-central1), labs-randomBytes(us-central1), labs-registerAuthenticator(us-central1), labs-registrationChallenge(us-central1), labs-sendLoginEmail(us-central1), labs-sendShareNotification(us-central1), labs-setupAccount(us-central1), labs-setupAdminUser(us-central1), labs-termsOfService(us-central1), labs-userList(us-central1), labs-userMetaData(us-central1), onUserModelWrite(us-central1), otpGenerateSecret(us-central1), otpVerifyToken(us-central1), ping(us-central1), proxyToHelpScout(us-central1), proxyToHelpScoutJwsGenerator(us-central1), setup(us-central1), setupAccount(us-central1), setupAdminUser(us-central1), triggers-onRootUserWrite(us-central1), triggers-onUserModelWrite(us-central1)
[info] i  functions: uploading functions in project: helloWorld(us-central1)
[info] i  functions: creating Node.js 8 function helloWorld(us-central1)...
[debug] [2019-12-31T02:48:40.829Z] Trigger is:  {"httpsTrigger":{}}
[debug] [2019-12-31T02:48:40.831Z] >>> HTTP REQUEST GET https://serviceusage.googleapis.com/v1/projects/minutebox-labs/services/cloudscheduler.googleapis.com  
 
[debug] [2019-12-31T02:48:41.286Z] <<< HTTP RESPONSE 200
[info] ✔  scheduler: all necessary APIs are enabled
[debug] [2019-12-31T02:48:41.294Z] >>> HTTP REQUEST POST https://cloudfunctions.googleapis.com/v1/projects/minutebox-labs/locations/us-central1/functions  

[debug] [2019-12-31T02:48:42.118Z] <<< HTTP RESPONSE 200
[debug] [2019-12-31T02:48:42.121Z] Setting public policy for function helloWorld
[debug] [2019-12-31T02:48:42.125Z] >>> HTTP REQUEST POST https://cloudfunctions.googleapis.com/v1/projects/minutebox-labs/locations/us-central1/functions/helloWorld:setIamPolicy  

[debug] [2019-12-31T02:48:42.617Z] <<< HTTP RESPONSE 200
[debug] [2019-12-31T02:48:42.626Z] >>> HTTP REQUEST GET https://cloudfunctions.googleapis.com/v1/projects/minutebox-labs/locations/-/functions  
 
[debug] [2019-12-31T02:48:43.068Z] <<< HTTP RESPONSE 200
[debug] [2019-12-31T02:48:43.072Z] >>> HTTP REQUEST GET https://cloudfunctions.googleapis.com/v1/operations/bWludXRlYm94LWxhYnMvdXMtY2VudHJhbDEvaGVsbG9Xb3JsZC9TZW1qcXNUU3RIMA  
 
[debug] [2019-12-31T02:48:43.240Z] <<< HTTP RESPONSE 403
[debug] [2019-12-31T02:48:43.240Z] <<< HTTP RESPONSE BODY
[debug] [2019-12-31T02:48:43.248Z] [functions] failed to get status of operation: operations/bWludXRlYm94LWxhYnMvdXMtY2VudHJhbDEvaGVsbG9Xb3JsZC9TZW1qcXNUU3RIMA
[debug] [2019-12-31T02:48:43.249Z] [functions] HTTP Error: 403, Cloud Functions API has not been used in project 967861232883 before or it is disabled. Enable it by visiting https://console.developers.google.com/apis/api/cloudfunctions.googleapis.com/overview?project=967861232883 then retry. If you enabled this API recently, wait a few minutes for the action to propagate to our systems and retry.
[debug] [2019-12-31T02:48:47.260Z] >>> HTTP REQUEST GET https://cloudfunctions.googleapis.com/v1/operations/bWludXRlYm94LWxhYnMvdXMtY2VudHJhbDEvaGVsbG9Xb3JsZC9TZW1qcXNUU3RIMA  
 
[debug] [2019-12-31T02:48:47.432Z] <<< HTTP RESPONSE 403
[debug] [2019-12-31T02:48:47.435Z] <<< HTTP RESPONSE BODY
[debug] [2019-12-31T02:48:47.437Z] [functions] failed to get status of operation: operations/bWludXRlYm94LWxhYnMvdXMtY2VudHJhbDEvaGVsbG9Xb3JsZC9TZW1qcXNUU3RIMA
[debug] [2019-12-31T02:48:47.438Z] [functions] HTTP Error: 403, Cloud Functions API has not been used in project 967861232883 before or it is disabled. Enable it by visiting https://console.developers.google.com/apis/api/cloudfunctions.googleapis.com/overview?project=967861232883 then retry. If you enabled this API recently, wait a few minutes for the action to propagate to our systems and retry.
[debug] [2019-12-31T02:48:51.444Z] >>> HTTP REQUEST GET https://cloudfunctions.googleapis.com/v1/operations/bWludXRlYm94LWxhYnMvdXMtY2VudHJhbDEvaGVsbG9Xb3JsZC9TZW1qcXNUU3RIMA  
 
[debug] [2019-12-31T02:48:51.621Z] <<< HTTP RESPONSE 403
[debug] [2019-12-31T02:48:51.622Z] <<< HTTP RESPONSE BODY
[debug] [2019-12-31T02:48:51.623Z] [functions] failed to get status of operation: operations/bWludXRlYm94LWxhYnMvdXMtY2VudHJhbDEvaGVsbG9Xb3JsZC9TZW1qcXNUU3RIMA
[debug] [2019-12-31T02:48:51.624Z] [functions] HTTP Error: 403, Cloud Functions API has not been used in project 967861232883 before or it is disabled. Enable it by visiting https://console.developers.google.com/apis/api/cloudfunctions.googleapis.com/overview?project=967861232883 then retry. If you enabled this API recently, wait a few minutes for the action to propagate to our systems and retry.
[warn] ⚠  functions: failed to get status of all the deployments
[info] You can check on their status at https://console.firebase.google.com/project/minutebox-labs/functions/logs
[error] 
[error] Error: Failed to get status of functions deployments.
[debug] [2019-12-31T02:49:31.382Z] ----------------------------------------------------------------------
[debug] [2019-12-31T02:49:31.390Z] Command:       /usr/local/bin/node /usr/local/bin/firebase deploy --debug --only functions:helloWorld
[debug] [2019-12-31T02:49:31.392Z] CLI Version:   7.11.0
[debug] [2019-12-31T02:49:31.394Z] Platform:      linux
[debug] [2019-12-31T02:49:31.395Z] Node Version:  v10.18.0
[debug] [2019-12-31T02:49:31.396Z] Time:          Tue Dec 31 2019 02:49:31 GMT+0000 (Coordinated Universal Time)
[debug] [2019-12-31T02:49:31.398Z] ----------------------------------------------------------------------
[debug] [2019-12-31T02:49:31.398Z] 
[debug] [2019-12-31T02:49:31.423Z] > command requires scopes: ["email","openid","https://www.googleapis.com/auth/cloudplatformprojects.readonly","https://www.googleapis.com/auth/firebase","https://www.googleapis.com/auth/cloud-platform"]
[debug] [2019-12-31T02:49:31.424Z] > attempting to authenticate via app default credentials
[debug] [2019-12-31T02:49:31.653Z] ya29.c.KmW3Bw3EJsrUVh5lPMGwcrlkxIwwLM2yJOiYegeHl-jyLWORsEbZ2jEkGu8bz0wv-wApjU2nzRmNtMpxUPZiW3R7a1MSw3KeJa6Dw26eCvon9dv2JzGX9ORfFU-_kQoplg_cVXfEow
[debug] [2019-12-31T02:49:31.655Z] > retrieved access token via default credentials
[debug] [2019-12-31T02:49:31.657Z] [iam] checking project minutebox-labs for permissions ["cloudfunctions.functions.create","cloudfunctions.functions.delete","cloudfunctions.functions.get","cloudfunctions.functions.list","cloudfunctions.functions.update","cloudfunctions.operations.get","firebase.projects.get"]
[debug] [2019-12-31T02:49:31.659Z] >>> HTTP REQUEST POST https://cloudresourcemanager.googleapis.com/v1/projects/minutebox-labs:testIamPermissions  

[debug] [2019-12-31T02:49:31.987Z] <<< HTTP RESPONSE 200
[info] 
[info] === Deploying to 'minutebox-labs'...
[info] 
[info] i  deploying functions
[debug] [2019-12-31T02:49:35.134Z] > [functions] package.json contents: {
  "name": "functions",
  "description": "Cloud Functions for Firebase",
  "scripts": {
    "serve": "firebase serve --only functions",
    "shell": "firebase functions:shell",
    "start": "npm run shell",
    "deploy": "firebase deploy --only functions",
    "logs": "firebase functions:log"
  },
  "engines": {
    "node": "8"
  },
  "dependencies": {
    "firebase-admin": "^8.0.0",
    "firebase-functions": "^3.0.0"
  },
  "devDependencies": {
    "firebase-functions-test": "^0.1.6"
  },
  "private": true
}
[info] i  functions: ensuring necessary APIs are enabled...
[debug] [2019-12-31T02:49:35.143Z] >>> HTTP REQUEST GET https://serviceusage.googleapis.com/v1/projects/minutebox-labs/services/cloudfunctions.googleapis.com  
 
[debug] [2019-12-31T02:49:35.146Z] >>> HTTP REQUEST GET https://serviceusage.googleapis.com/v1/projects/minutebox-labs/services/runtimeconfig.googleapis.com  
 
[debug] [2019-12-31T02:49:35.544Z] <<< HTTP RESPONSE 200
[info] ✔  functions: all necessary APIs are enabled
[debug] [2019-12-31T02:49:35.553Z] <<< HTTP RESPONSE 200
[debug] [2019-12-31T02:49:35.555Z] >>> HTTP REQUEST GET https://firebase.googleapis.com/v1beta1/projects/minutebox-labs/adminSdkConfig  
 
[debug] [2019-12-31T02:49:35.805Z] <<< HTTP RESPONSE 200
[info] i  functions: preparing functions directory for uploading...
[debug] [2019-12-31T02:49:35.820Z] >>> HTTP REQUEST GET https://runtimeconfig.googleapis.com/v1beta1/projects/minutebox-labs/configs  
 
[debug] [2019-12-31T02:49:36.024Z] <<< HTTP RESPONSE 200
[info] i  functions: packaged functions (27.64 KB) for uploading
[debug] [2019-12-31T02:49:36.673Z] >>> HTTP REQUEST POST https://cloudfunctions.googleapis.com/v1/projects/minutebox-labs/locations/us-central1/functions:generateUploadUrl  
 
[debug] [2019-12-31T02:49:37.256Z] <<< HTTP RESPONSE 200
[debug] [2019-12-31T02:49:37.260Z] >>> HTTP REQUEST PUT https://storage.googleapis.com/gcf-upload-us-central1-64847ca2-a7c7-4570-ad38-0aadcd91ea32/cc1bd820-2a2b-4f23-be23-845ce7eec65b.zip?GoogleAccessId=service-743065682389@gcf-admin-robot.iam.gserviceaccount.com&Expires=1577762377&Signature=iwGBVV759xPMLLLoWuTMFfLSocf9KvzK%2FawTnrjGdjVarn07P3iGpsEDO1UDH4VmqsEcRceAwbQJbu0SRzHWFbwLQHjZz6zb1270HDpWLkCNX6uN79SAM0N7w%2FBqqeG2G%2BBsQsTGH3QIoPt0pp%2F0gQPtE07apbCtNWTO9V%2BsvsFjb0W%2BaRPoPabcTtXHtSQO4kHIGdbPQ70QbFu7S43HtCXxd1YF83ZmJz7mkT45EUQBUXs%2FaGgVSBQjqEPM%2F%2BF7Fyclc4rBBCrq1HZn4eW2k0G%2FJc6COxJSdbAINoQnXzm2z3r9czUEHg4FkvBIZWNHhQIEelAaxT59yJ9GZsgcEw%3D%3D  
 <request body omitted>
[debug] [2019-12-31T02:49:37.526Z] <<< HTTP RESPONSE 200
[info] ✔  functions: functions folder uploaded successfully
[debug] [2019-12-31T02:49:37.533Z] >>> HTTP REQUEST GET https://cloudfunctions.googleapis.com/v1/projects/minutebox-labs/locations/-/functions  
 
[debug] [2019-12-31T02:49:37.962Z] <<< HTTP RESPONSE 200
[debug] [2019-12-31T02:49:37.968Z] > [functions] filtering triggers to: [
  "projects/minutebox-labs/locations/us-central1/functions/helloWorld"
]
[info] i  functions: current functions in project: addAccountToUserByEmail(us-central1), auditModel(us-central1), cron-backup(us-central1), cron-kpi(us-central1), endpoints-proxyToHelpScout(us-central1), getOrCreateUserByEmail(us-central1), getOrMakeBookPDF(us-central1), helloWorld(us-central1), inviteByEmail(us-central1), inviteValidation(us-central1), labs-addAccountToUserByEmail(us-central1), labs-authenticatorChallenge(us-central1), labs-authenticatorVerification(us-central1), labs-backup(us-central1), labs-convertFastco(us-central1), labs-env(us-central1), labs-errorTest(us-central1), labs-getOrCreateUserByEmail(us-central1), labs-inviteByEmail(us-central1), labs-inviteValidation(us-central1), labs-kpi(us-central1), labs-multiFactorAuthenticate(us-central1), labs-nuansSearch(us-central1), labs-otpDisable(us-central1), labs-otpGenerateSecret(us-central1), labs-otpVerifyToken(us-central1), labs-ping(us-central1), labs-proxyToHelpScoutJwsGenerator(us-central1), labs-randomBytes(us-central1), labs-registerAuthenticator(us-central1), labs-registrationChallenge(us-central1), labs-sendLoginEmail(us-central1), labs-sendShareNotification(us-central1), labs-setupAccount(us-central1), labs-setupAdminUser(us-central1), labs-termsOfService(us-central1), labs-userList(us-central1), labs-userMetaData(us-central1), onUserModelWrite(us-central1), otpGenerateSecret(us-central1), otpVerifyToken(us-central1), ping(us-central1), proxyToHelpScout(us-central1), proxyToHelpScoutJwsGenerator(us-central1), setup(us-central1), setupAccount(us-central1), setupAdminUser(us-central1), triggers-onRootUserWrite(us-central1), triggers-onUserModelWrite(us-central1)
[info] i  functions: uploading functions in project: helloWorld(us-central1)
[info] i  functions: updating Node.js 8 function helloWorld(us-central1)...
[debug] [2019-12-31T02:49:37.974Z] Trigger is:  {"httpsTrigger":{}}
[debug] [2019-12-31T02:49:37.976Z] >>> HTTP REQUEST GET https://serviceusage.googleapis.com/v1/projects/minutebox-labs/services/cloudscheduler.googleapis.com  
 
[debug] [2019-12-31T02:49:38.323Z] <<< HTTP RESPONSE 200
[info] ✔  scheduler: all necessary APIs are enabled
[debug] [2019-12-31T02:49:38.329Z] >>> HTTP REQUEST PATCH https://cloudfunctions.googleapis.com/v1/projects/minutebox-labs/locations/us-central1/functions/helloWorld {"updateMask":"sourceUploadUrl,name,labels,runtime,httpsTrigger"} 

[debug] [2019-12-31T02:49:38.835Z] <<< HTTP RESPONSE 200
[debug] [2019-12-31T02:49:38.842Z] >>> HTTP REQUEST GET https://cloudfunctions.googleapis.com/v1/projects/minutebox-labs/locations/-/functions  
 
[debug] [2019-12-31T02:49:39.282Z] <<< HTTP RESPONSE 200
[debug] [2019-12-31T02:49:39.285Z] >>> HTTP REQUEST GET https://cloudfunctions.googleapis.com/v1/operations/bWludXRlYm94LWxhYnMvdXMtY2VudHJhbDEvaGVsbG9Xb3JsZC80OVpJa1hZVjRxRQ  
 
[debug] [2019-12-31T02:49:39.385Z] <<< HTTP RESPONSE 403
[debug] [2019-12-31T02:49:39.387Z] <<< HTTP RESPONSE BODY
[debug] [2019-12-31T02:49:39.392Z] [functions] failed to get status of operation: operations/bWludXRlYm94LWxhYnMvdXMtY2VudHJhbDEvaGVsbG9Xb3JsZC80OVpJa1hZVjRxRQ
[debug] [2019-12-31T02:49:39.392Z] [functions] HTTP Error: 403, Cloud Functions API has not been used in project 967861232883 before or it is disabled. Enable it by visiting https://console.developers.google.com/apis/api/cloudfunctions.googleapis.com/overview?project=967861232883 then retry. If you enabled this API recently, wait a few minutes for the action to propagate to our systems and retry.
[debug] [2019-12-31T02:49:43.401Z] >>> HTTP REQUEST GET https://cloudfunctions.googleapis.com/v1/operations/bWludXRlYm94LWxhYnMvdXMtY2VudHJhbDEvaGVsbG9Xb3JsZC80OVpJa1hZVjRxRQ  
 
[debug] [2019-12-31T02:49:43.572Z] <<< HTTP RESPONSE 403
[debug] [2019-12-31T02:49:43.573Z] <<< HTTP RESPONSE BODY
[debug] [2019-12-31T02:49:43.576Z] [functions] failed to get status of operation: operations/bWludXRlYm94LWxhYnMvdXMtY2VudHJhbDEvaGVsbG9Xb3JsZC80OVpJa1hZVjRxRQ
[debug] [2019-12-31T02:49:43.577Z] [functions] HTTP Error: 403, Cloud Functions API has not been used in project 967861232883 before or it is disabled. Enable it by visiting https://console.developers.google.com/apis/api/cloudfunctions.googleapis.com/overview?project=967861232883 then retry. If you enabled this API recently, wait a few minutes for the action to propagate to our systems and retry.
[debug] [2019-12-31T02:49:47.581Z] >>> HTTP REQUEST GET https://cloudfunctions.googleapis.com/v1/operations/bWludXRlYm94LWxhYnMvdXMtY2VudHJhbDEvaGVsbG9Xb3JsZC80OVpJa1hZVjRxRQ  
 
[debug] [2019-12-31T02:49:47.762Z] <<< HTTP RESPONSE 403
[debug] [2019-12-31T02:49:47.764Z] <<< HTTP RESPONSE BODY
[debug] [2019-12-31T02:49:47.766Z] [functions] failed to get status of operation: operations/bWludXRlYm94LWxhYnMvdXMtY2VudHJhbDEvaGVsbG9Xb3JsZC80OVpJa1hZVjRxRQ
[debug] [2019-12-31T02:49:47.766Z] [functions] HTTP Error: 403, Cloud Functions API has not been used in project 967861232883 before or it is disabled. Enable it by visiting https://console.developers.google.com/apis/api/cloudfunctions.googleapis.com/overview?project=967861232883 then retry. If you enabled this API recently, wait a few minutes for the action to propagate to our systems and retry.
[warn] ⚠  functions: failed to get status of all the deployments
[info] You can check on their status at https://console.firebase.google.com/project/minutebox-labs/functions/logs
[error] 
[error] Error: Failed to get status of functions deployments.
[debug] [2019-12-31T02:51:04.770Z] ----------------------------------------------------------------------
[debug] [2019-12-31T02:51:04.776Z] Command:       /usr/local/bin/node /usr/local/bin/firebase deploy --debug --only functions:helloWorld
[debug] [2019-12-31T02:51:04.780Z] CLI Version:   7.11.0
[debug] [2019-12-31T02:51:04.780Z] Platform:      linux
[debug] [2019-12-31T02:51:04.780Z] Node Version:  v10.18.0
[debug] [2019-12-31T02:51:04.783Z] Time:          Tue Dec 31 2019 02:51:04 GMT+0000 (Coordinated Universal Time)
[debug] [2019-12-31T02:51:04.784Z] ----------------------------------------------------------------------
[debug] [2019-12-31T02:51:04.784Z] 
[debug] [2019-12-31T02:51:04.801Z] > command requires scopes: ["email","openid","https://www.googleapis.com/auth/cloudplatformprojects.readonly","https://www.googleapis.com/auth/firebase","https://www.googleapis.com/auth/cloud-platform"]
[debug] [2019-12-31T02:51:04.803Z] > attempting to authenticate via app default credentials
[debug] [2019-12-31T02:51:05.097Z] ya29.c.KmW3Bwyhw2BEGekrnVEudYgTp1nZuyfbH7VLczvS82apUMVUw6MsGqn-JGucM-ME9o3-0s4gouM6eIY4kWO1ewHNZt3nkWZ3w5MzEj9ziCjg8L-_BEjPPS2FDTJ1BvkLOSnfrpxiTw
[debug] [2019-12-31T02:51:05.099Z] > retrieved access token via default credentials
[debug] [2019-12-31T02:51:05.101Z] [iam] checking project minutebox-labs for permissions ["cloudfunctions.functions.create","cloudfunctions.functions.delete","cloudfunctions.functions.get","cloudfunctions.functions.list","cloudfunctions.functions.update","cloudfunctions.operations.get","firebase.projects.get"]
[debug] [2019-12-31T02:51:05.104Z] >>> HTTP REQUEST POST https://cloudresourcemanager.googleapis.com/v1/projects/minutebox-labs:testIamPermissions  

[debug] [2019-12-31T02:51:05.498Z] <<< HTTP RESPONSE 200
[info] 
[info] === Deploying to 'minutebox-labs'...
[info] 
[info] i  deploying functions
[debug] [2019-12-31T02:51:08.272Z] > [functions] package.json contents: {
  "name": "functions",
  "description": "Cloud Functions for Firebase",
  "scripts": {
    "serve": "firebase serve --only functions",
    "shell": "firebase functions:shell",
    "start": "npm run shell",
    "deploy": "firebase deploy --only functions",
    "logs": "firebase functions:log"
  },
  "engines": {
    "node": "8"
  },
  "dependencies": {
    "firebase-admin": "^8.0.0",
    "firebase-functions": "^3.0.0"
  },
  "devDependencies": {
    "firebase-functions-test": "^0.1.6"
  },
  "private": true
}
[info] i  functions: ensuring necessary APIs are enabled...
[debug] [2019-12-31T02:51:08.278Z] >>> HTTP REQUEST GET https://serviceusage.googleapis.com/v1/projects/minutebox-labs/services/cloudfunctions.googleapis.com  
 
[debug] [2019-12-31T02:51:08.280Z] >>> HTTP REQUEST GET https://serviceusage.googleapis.com/v1/projects/minutebox-labs/services/runtimeconfig.googleapis.com  
 
[debug] [2019-12-31T02:51:08.668Z] <<< HTTP RESPONSE 200
[debug] [2019-12-31T02:51:08.691Z] <<< HTTP RESPONSE 200
[info] ✔  functions: all necessary APIs are enabled
[debug] [2019-12-31T02:51:08.696Z] >>> HTTP REQUEST GET https://firebase.googleapis.com/v1beta1/projects/minutebox-labs/adminSdkConfig  
 
[debug] [2019-12-31T02:51:08.950Z] <<< HTTP RESPONSE 200
[info] i  functions: preparing functions directory for uploading...
[debug] [2019-12-31T02:51:08.963Z] >>> HTTP REQUEST GET https://runtimeconfig.googleapis.com/v1beta1/projects/minutebox-labs/configs  
 
[debug] [2019-12-31T02:51:09.577Z] <<< HTTP RESPONSE 200
[info] i  functions: packaged functions (27.64 KB) for uploading
[debug] [2019-12-31T02:51:10.007Z] >>> HTTP REQUEST POST https://cloudfunctions.googleapis.com/v1/projects/minutebox-labs/locations/us-central1/functions:generateUploadUrl  
 
[debug] [2019-12-31T02:51:10.666Z] <<< HTTP RESPONSE 200
[debug] [2019-12-31T02:51:10.671Z] >>> HTTP REQUEST PUT https://storage.googleapis.com/gcf-upload-us-central1-64847ca2-a7c7-4570-ad38-0aadcd91ea32/f5114724-9eb5-43f7-8414-07a78af1abeb.zip?GoogleAccessId=service-743065682389@gcf-admin-robot.iam.gserviceaccount.com&Expires=1577762470&Signature=Q4cm2P%2B0CzFC1ujCnPyIt%2F9gWDIKqX3qDRe7QPJcr5oOagVMG%2FxIo8XyPr%2FrU65%2Bs%2BK1YSZQHugzYADcLwCWZ7mwD2R5cXcHHvimrP4%2BkCyFFhM309tiyhP9SAv3SRLiNJFBSn2V2op6d75MPtw9R%2FJ09mKEHHT9pVFw5Z7rYwWPhbi6Y5hb4TVe8s%2FSVcybtsLZkfo3zwdCIZ47uUilgEZgNHC0zdSF4FpmtS%2F6joNGffra2SX2S8o9cZMACp3dHuOPCO8SMFZ7dKIbuGk%2FShqcABKKwqdLjUp%2F0ddY9ql8VFTVpE93%2F0qrS0PXcJR2s959TfOi2EJvG7CWa%2Bl2%2Bg%3D%3D  
 <request body omitted>
[debug] [2019-12-31T02:51:11.007Z] <<< HTTP RESPONSE 200
[info] ✔  functions: functions folder uploaded successfully
[debug] [2019-12-31T02:51:11.016Z] >>> HTTP REQUEST GET https://cloudfunctions.googleapis.com/v1/projects/minutebox-labs/locations/-/functions  
 
[debug] [2019-12-31T02:51:11.652Z] <<< HTTP RESPONSE 200
[debug] [2019-12-31T02:51:11.660Z] > [functions] filtering triggers to: [
  "projects/minutebox-labs/locations/us-central1/functions/helloWorld"
]
[info] i  functions: current functions in project: addAccountToUserByEmail(us-central1), auditModel(us-central1), cron-backup(us-central1), cron-kpi(us-central1), endpoints-proxyToHelpScout(us-central1), getOrCreateUserByEmail(us-central1), getOrMakeBookPDF(us-central1), helloWorld(us-central1), inviteByEmail(us-central1), inviteValidation(us-central1), labs-addAccountToUserByEmail(us-central1), labs-authenticatorChallenge(us-central1), labs-authenticatorVerification(us-central1), labs-backup(us-central1), labs-convertFastco(us-central1), labs-env(us-central1), labs-errorTest(us-central1), labs-getOrCreateUserByEmail(us-central1), labs-inviteByEmail(us-central1), labs-inviteValidation(us-central1), labs-kpi(us-central1), labs-multiFactorAuthenticate(us-central1), labs-nuansSearch(us-central1), labs-otpDisable(us-central1), labs-otpGenerateSecret(us-central1), labs-otpVerifyToken(us-central1), labs-ping(us-central1), labs-proxyToHelpScoutJwsGenerator(us-central1), labs-randomBytes(us-central1), labs-registerAuthenticator(us-central1), labs-registrationChallenge(us-central1), labs-sendLoginEmail(us-central1), labs-sendShareNotification(us-central1), labs-setupAccount(us-central1), labs-setupAdminUser(us-central1), labs-termsOfService(us-central1), labs-userList(us-central1), labs-userMetaData(us-central1), onUserModelWrite(us-central1), otpGenerateSecret(us-central1), otpVerifyToken(us-central1), ping(us-central1), proxyToHelpScout(us-central1), proxyToHelpScoutJwsGenerator(us-central1), setup(us-central1), setupAccount(us-central1), setupAdminUser(us-central1), triggers-onRootUserWrite(us-central1), triggers-onUserModelWrite(us-central1)
[info] i  functions: uploading functions in project: helloWorld(us-central1)
[info] i  functions: updating Node.js 8 function helloWorld(us-central1)...
[debug] [2019-12-31T02:51:11.669Z] Trigger is:  {"httpsTrigger":{}}
[debug] [2019-12-31T02:51:11.672Z] >>> HTTP REQUEST GET https://serviceusage.googleapis.com/v1/projects/minutebox-labs/services/cloudscheduler.googleapis.com  
 
[debug] [2019-12-31T02:51:12.238Z] <<< HTTP RESPONSE 200
[info] ✔  scheduler: all necessary APIs are enabled
[debug] [2019-12-31T02:51:12.247Z] >>> HTTP REQUEST PATCH https://cloudfunctions.googleapis.com/v1/projects/minutebox-labs/locations/us-central1/functions/helloWorld {"updateMask":"sourceUploadUrl,name,labels,runtime,httpsTrigger"} 

[debug] [2019-12-31T02:51:12.658Z] <<< HTTP RESPONSE 200
[debug] [2019-12-31T02:51:12.667Z] >>> HTTP REQUEST GET https://cloudfunctions.googleapis.com/v1/projects/minutebox-labs/locations/-/functions  
 
[debug] [2019-12-31T02:51:13.183Z] <<< HTTP RESPONSE 200
[debug] [2019-12-31T02:51:13.186Z] >>> HTTP REQUEST GET https://cloudfunctions.googleapis.com/v1/operations/bWludXRlYm94LWxhYnMvdXMtY2VudHJhbDEvaGVsbG9Xb3JsZC8xZm9qZEFvWU5qSQ  
 
[debug] [2019-12-31T02:51:13.450Z] <<< HTTP RESPONSE 200
[debug] [2019-12-31T02:51:15.457Z] >>> HTTP REQUEST GET https://cloudfunctions.googleapis.com/v1/operations/bWludXRlYm94LWxhYnMvdXMtY2VudHJhbDEvaGVsbG9Xb3JsZC8xZm9qZEFvWU5qSQ  
 
[debug] [2019-12-31T02:51:15.637Z] <<< HTTP RESPONSE 200
[debug] [2019-12-31T02:51:17.647Z] >>> HTTP REQUEST GET https://cloudfunctions.googleapis.com/v1/operations/bWludXRlYm94LWxhYnMvdXMtY2VudHJhbDEvaGVsbG9Xb3JsZC8xZm9qZEFvWU5qSQ  
 
[debug] [2019-12-31T02:51:17.818Z] <<< HTTP RESPONSE 200
[debug] [2019-12-31T02:51:19.826Z] >>> HTTP REQUEST GET https://cloudfunctions.googleapis.com/v1/operations/bWludXRlYm94LWxhYnMvdXMtY2VudHJhbDEvaGVsbG9Xb3JsZC8xZm9qZEFvWU5qSQ  
 
[debug] [2019-12-31T02:51:19.991Z] <<< HTTP RESPONSE 200
[debug] [2019-12-31T02:51:21.995Z] >>> HTTP REQUEST GET https://cloudfunctions.googleapis.com/v1/operations/bWludXRlYm94LWxhYnMvdXMtY2VudHJhbDEvaGVsbG9Xb3JsZC8xZm9qZEFvWU5qSQ  
 
[debug] [2019-12-31T02:51:22.207Z] <<< HTTP RESPONSE 200
[debug] [2019-12-31T02:51:24.216Z] >>> HTTP REQUEST GET https://cloudfunctions.googleapis.com/v1/operations/bWludXRlYm94LWxhYnMvdXMtY2VudHJhbDEvaGVsbG9Xb3JsZC8xZm9qZEFvWU5qSQ  
 
[debug] [2019-12-31T02:51:24.410Z] <<< HTTP RESPONSE 200
[debug] [2019-12-31T02:51:26.415Z] >>> HTTP REQUEST GET https://cloudfunctions.googleapis.com/v1/operations/bWludXRlYm94LWxhYnMvdXMtY2VudHJhbDEvaGVsbG9Xb3JsZC8xZm9qZEFvWU5qSQ  
 
[debug] [2019-12-31T02:51:26.632Z] <<< HTTP RESPONSE 200
[debug] [2019-12-31T02:51:28.637Z] >>> HTTP REQUEST GET https://cloudfunctions.googleapis.com/v1/operations/bWludXRlYm94LWxhYnMvdXMtY2VudHJhbDEvaGVsbG9Xb3JsZC8xZm9qZEFvWU5qSQ  
 
[debug] [2019-12-31T02:51:28.855Z] <<< HTTP RESPONSE 200
[debug] [2019-12-31T02:51:30.862Z] >>> HTTP REQUEST GET https://cloudfunctions.googleapis.com/v1/operations/bWludXRlYm94LWxhYnMvdXMtY2VudHJhbDEvaGVsbG9Xb3JsZC8xZm9qZEFvWU5qSQ  
 
[debug] [2019-12-31T02:51:31.088Z] <<< HTTP RESPONSE 200
[debug] [2019-12-31T02:51:33.095Z] >>> HTTP REQUEST GET https://cloudfunctions.googleapis.com/v1/operations/bWludXRlYm94LWxhYnMvdXMtY2VudHJhbDEvaGVsbG9Xb3JsZC8xZm9qZEFvWU5qSQ  
 
[debug] [2019-12-31T02:51:33.317Z] <<< HTTP RESPONSE 200
[debug] [2019-12-31T02:51:35.326Z] >>> HTTP REQUEST GET https://cloudfunctions.googleapis.com/v1/operations/bWludXRlYm94LWxhYnMvdXMtY2VudHJhbDEvaGVsbG9Xb3JsZC8xZm9qZEFvWU5qSQ  
 
[debug] [2019-12-31T02:51:35.529Z] <<< HTTP RESPONSE 200
[debug] [2019-12-31T02:51:37.537Z] >>> HTTP REQUEST GET https://cloudfunctions.googleapis.com/v1/operations/bWludXRlYm94LWxhYnMvdXMtY2VudHJhbDEvaGVsbG9Xb3JsZC8xZm9qZEFvWU5qSQ  
 
[debug] [2019-12-31T02:51:37.760Z] <<< HTTP RESPONSE 200
[debug] [2019-12-31T02:51:39.768Z] >>> HTTP REQUEST GET https://cloudfunctions.googleapis.com/v1/operations/bWludXRlYm94LWxhYnMvdXMtY2VudHJhbDEvaGVsbG9Xb3JsZC8xZm9qZEFvWU5qSQ  
 
[debug] [2019-12-31T02:51:40.014Z] <<< HTTP RESPONSE 200
[debug] [2019-12-31T02:51:42.028Z] >>> HTTP REQUEST GET https://cloudfunctions.googleapis.com/v1/operations/bWludXRlYm94LWxhYnMvdXMtY2VudHJhbDEvaGVsbG9Xb3JsZC8xZm9qZEFvWU5qSQ  
 
[debug] [2019-12-31T02:51:42.170Z] <<< HTTP RESPONSE 200
[debug] [2019-12-31T02:51:44.177Z] >>> HTTP REQUEST GET https://cloudfunctions.googleapis.com/v1/operations/bWludXRlYm94LWxhYnMvdXMtY2VudHJhbDEvaGVsbG9Xb3JsZC8xZm9qZEFvWU5qSQ  
 
[debug] [2019-12-31T02:51:44.431Z] <<< HTTP RESPONSE 200
